<?xml version="1.0" encoding="UTF-8"?>
<!-- Generated by org.testng.reporters.JUnitReportReporter -->
<testsuite skipped="0" hostname="DESKTOP-06QDCBA" name="com.qa.hubspot.tests.LoginTest" tests="3" failures="0" timestamp="2023-12-08T22:19:43 IST" time="4.351" errors="0">
  <testcase name="VerifySignupLink" time="1.860" classname="com.qa.hubspot.tests.LoginTest"/>
  <system-out/>
  <testcase name="GetTitleTest" time="0.463" classname="com.qa.hubspot.tests.LoginTest"/>
  <system-out/>
  <testcase name="DOLogin" time="2.028" classname="com.qa.hubspot.tests.LoginTest"/>
  <system-out/>
</testsuite> <!-- com.qa.hubspot.tests.LoginTest -->
