<?xml version="1.0" encoding="UTF-8"?>
<!-- Generated by org.testng.reporters.JUnitReportReporter -->
<testsuite skipped="0" hostname="DESKTOP-06QDCBA" name="com.qa.hubspot.tests.LoginTest" tests="3" failures="0" timestamp="2024-04-20T15:00:25 IST" time="1.692" errors="0">
  <testcase name="VerifySignupLink" time="0.250" classname="com.qa.hubspot.tests.LoginTest"/>
  <system-out/>
  <testcase name="GetTitleTest" time="0.223" classname="com.qa.hubspot.tests.LoginTest"/>
  <system-out/>
  <testcase name="DOLogin" time="1.219" classname="com.qa.hubspot.tests.LoginTest"/>
  <system-out/>
</testsuite> <!-- com.qa.hubspot.tests.LoginTest -->
